[2026-01-12 23:52:18] Starting Social Uploader Deployment...
[2026-01-12 23:52:18] Step 1: Checking and Installing Dependencies...
[2026-01-12 23:52:18] Homebrew is already installed.
[2026-01-12 23:52:18] Git is already installed.
[2026-01-12 23:52:18] Docker is installed.
[2026-01-12 23:52:19] ==================================================================
[2026-01-12 23:52:19] IMPORTANT: To ensure Docker uses the external drive for storage:
[2026-01-12 23:52:19] 1. Open Docker Desktop Dashboard
[2026-01-12 23:52:19] 2. Go to Settings -> Resources -> Disk image location
[2026-01-12 23:52:19] 3. Set it to: /Volumes/M2USB/Docker
[2026-01-12 23:52:19] 4. Click Apply & Restart
[2026-01-12 23:52:19] ==================================================================
[2026-01-12 23:52:19] Note: The application data (database, videos) will be automatically stored in the project directory on the external drive.
[2026-01-12 23:52:19] Waiting 5 seconds for you to read...
[2026-01-12 23:52:24] Step 2: Configuring Project...
[2026-01-12 23:52:24] Creating conf.py from example...
[2026-01-12 23:52:24] Step 3: Building and Starting Services...
[2026-01-12 23:52:24] Building Docker images (this may take a while)...
[2026-01-12 23:52:27] Starting services...
[2026-01-12 23:52:27] Error starting services.
[2026-01-12 23:52:39] Starting Social Uploader Deployment...
[2026-01-12 23:52:39] Step 1: Checking and Installing Dependencies...
[2026-01-12 23:52:39] Homebrew is already installed.
[2026-01-12 23:52:39] Git is already installed.
[2026-01-12 23:52:39] Docker is installed.
[2026-01-12 23:52:39] ==================================================================
[2026-01-12 23:52:39] IMPORTANT: To ensure Docker uses the external drive for storage:
[2026-01-12 23:52:39] 1. Open Docker Desktop Dashboard
[2026-01-12 23:52:39] 2. Go to Settings -> Resources -> Disk image location
[2026-01-12 23:52:39] 3. Set it to: /Volumes/M2USB/Docker
[2026-01-12 23:52:39] 4. Click Apply & Restart
[2026-01-12 23:52:39] ==================================================================
[2026-01-12 23:52:39] Note: The application data (database, videos) will be automatically stored in the project directory on the external drive.
[2026-01-12 23:52:39] Waiting 5 seconds for you to read...
[2026-01-12 23:52:44] Step 2: Configuring Project...
[2026-01-12 23:52:44] Step 3: Building and Starting Services...
[2026-01-12 23:52:44] Building Docker images (this may take a while)...
[2026-01-12 23:52:44] Starting services...
[2026-01-12 23:52:44] Error starting services.
[2026-01-12 23:54:16] Starting Social Uploader Deployment...
[2026-01-12 23:54:16] Step 1: Checking and Installing Dependencies...
[2026-01-12 23:54:16] Homebrew is already installed.
[2026-01-12 23:54:16] Git is already installed.
[2026-01-12 23:54:16] Docker is installed.
[2026-01-12 23:54:17] ==================================================================
[2026-01-12 23:54:17] IMPORTANT: To ensure Docker uses the external drive for storage:
[2026-01-12 23:54:17] 1. Open Docker Desktop Dashboard
[2026-01-12 23:54:17] 2. Go to Settings -> Resources -> Disk image location
[2026-01-12 23:54:17] 3. Set it to: /Volumes/M2USB/Docker
[2026-01-12 23:54:17] 4. Click Apply & Restart
[2026-01-12 23:54:17] ==================================================================
[2026-01-12 23:54:17] Note: The application data (database, videos) will be automatically stored in the project directory on the external drive.
[2026-01-12 23:54:17] Waiting 5 seconds for you to read...
[2026-01-12 23:54:22] Step 2: Configuring Project...
[2026-01-12 23:54:22] Step 3: Building and Starting Services...
[2026-01-12 23:54:22] Building Docker images (this may take a while)...
[2026-01-12 23:55:17] Starting services...
[2026-01-12 23:55:20] Error starting services.
[2026-01-12 23:55:37] Starting Social Uploader Deployment...
[2026-01-12 23:55:37] Step 1: Checking and Installing Dependencies...
[2026-01-12 23:55:37] Homebrew is already installed.
[2026-01-12 23:55:37] Git is already installed.
[2026-01-12 23:55:37] Docker is installed.
[2026-01-12 23:55:37] ==================================================================
[2026-01-12 23:55:37] IMPORTANT: To ensure Docker uses the external drive for storage:
[2026-01-12 23:55:37] 1. Open Docker Desktop Dashboard
[2026-01-12 23:55:37] 2. Go to Settings -> Resources -> Disk image location
[2026-01-12 23:55:37] 3. Set it to: /Volumes/M2USB/Docker
[2026-01-12 23:55:37] 4. Click Apply & Restart
[2026-01-12 23:55:37] ==================================================================
[2026-01-12 23:55:37] Note: The application data (database, videos) will be automatically stored in the project directory on the external drive.
[2026-01-12 23:55:37] Waiting 5 seconds for you to read...
[2026-01-12 23:55:42] Step 2: Configuring Project...
[2026-01-12 23:55:42] Step 3: Building and Starting Services...
[2026-01-12 23:55:42] Building Docker images (this may take a while)...
[2026-01-12 23:55:45] Starting services...
[2026-01-12 23:55:47] Error starting services.
[2026-01-12 23:56:08] Starting Social Uploader Deployment...
[2026-01-12 23:56:08] Step 1: Checking and Installing Dependencies...
[2026-01-12 23:56:08] Homebrew is already installed.
[2026-01-12 23:56:08] Git is already installed.
[2026-01-12 23:56:08] Docker is installed.
[2026-01-12 23:56:08] ==================================================================
[2026-01-12 23:56:08] IMPORTANT: To ensure Docker uses the external drive for storage:
[2026-01-12 23:56:08] 1. Open Docker Desktop Dashboard
[2026-01-12 23:56:08] 2. Go to Settings -> Resources -> Disk image location
[2026-01-12 23:56:08] 3. Set it to: /Volumes/M2USB/Docker
[2026-01-12 23:56:08] 4. Click Apply & Restart
[2026-01-12 23:56:08] ==================================================================
[2026-01-12 23:56:08] Note: The application data (database, videos) will be automatically stored in the project directory on the external drive.
[2026-01-12 23:56:08] Waiting 5 seconds for you to read...
[2026-01-12 23:56:13] Step 2: Configuring Project...
[2026-01-12 23:56:13] Step 3: Building and Starting Services...
[2026-01-12 23:56:13] Building Docker images (this may take a while)...
[2026-01-12 23:56:13] Starting services...
[2026-01-12 23:56:13] Error starting services.
[2026-01-12 23:57:12] Starting Social Uploader Deployment...
[2026-01-12 23:57:12] Step 1: Checking and Installing Dependencies...
[2026-01-12 23:57:12] Homebrew is already installed.
[2026-01-12 23:57:12] Git is already installed.
[2026-01-12 23:57:12] Docker is installed.
[2026-01-12 23:57:13] ==================================================================
[2026-01-12 23:57:13] IMPORTANT: To ensure Docker uses the external drive for storage:
[2026-01-12 23:57:13] 1. Open Docker Desktop Dashboard
[2026-01-12 23:57:13] 2. Go to Settings -> Resources -> Disk image location
[2026-01-12 23:57:13] 3. Set it to: /Volumes/M2USB/Docker
[2026-01-12 23:57:13] 4. Click Apply & Restart
[2026-01-12 23:57:13] ==================================================================
[2026-01-12 23:57:13] Note: The application data (database, videos) will be automatically stored in the project directory on the external drive.
[2026-01-12 23:57:13] Waiting 5 seconds for you to read...
[2026-01-12 23:57:18] Step 2: Configuring Project...
[2026-01-12 23:57:18] Step 3: Building and Starting Services...
[2026-01-12 23:57:18] Building Docker images (this may take a while)...
[2026-01-12 23:57:18] Starting services...
[2026-01-12 23:57:18] Error starting services.
[2026-01-12 23:57:25] Starting Social Uploader Deployment...
[2026-01-12 23:57:25] Step 1: Checking and Installing Dependencies...
[2026-01-12 23:57:25] Homebrew is already installed.
[2026-01-12 23:57:25] Git is already installed.
[2026-01-12 23:57:25] Docker is installed.
[2026-01-12 23:57:25] ==================================================================
[2026-01-12 23:57:25] IMPORTANT: To ensure Docker uses the external drive for storage:
[2026-01-12 23:57:25] 1. Open Docker Desktop Dashboard
[2026-01-12 23:57:25] 2. Go to Settings -> Resources -> Disk image location
[2026-01-12 23:57:25] 3. Set it to: /Volumes/M2USB/Docker
[2026-01-12 23:57:25] 4. Click Apply & Restart
[2026-01-12 23:57:25] ==================================================================
[2026-01-12 23:57:25] Note: The application data (database, videos) will be automatically stored in the project directory on the external drive.
[2026-01-12 23:57:25] Waiting 5 seconds for you to read...
[2026-01-12 23:57:30] Step 2: Configuring Project...
[2026-01-12 23:57:30] Step 3: Building and Starting Services...
[2026-01-12 23:57:30] Cleaning up AppleDouble files...
[2026-01-12 23:57:30] Building Docker images (this may take a while)...
[2026-01-13 00:08:08] Starting services...
[2026-01-13 00:09:39] Services started successfully.
[2026-01-13 00:09:39] Step 4: Configuring System Auto-start...
[2026-01-13 00:09:39] Loading LaunchAgent...
[2026-01-13 00:09:39] ==================================================================
[2026-01-13 00:09:39] Deployment Completed Successfully!
[2026-01-13 00:09:39] Frontend URL: http://localhost:5106
[2026-01-13 00:09:39] Backend URL: http://localhost:5406
[2026-01-13 00:09:39] Data Directory: /Volumes/M2USB/Trae/Autosocialupload/Soialupload/new
[2026-01-13 00:09:39] Log File: /Volumes/M2USB/Trae/Autosocialupload/Soialupload/deploy.log
[2026-01-13 00:09:39] ==================================================================
